Arguments: 
  /usr/bin/node /usr/bin/yarn publish

PATH: 
  /home/shovity/bin:/usr/local/bin:/usr/bin:/bin:/usr/local/games:/usr/games

Yarn version: 
  1.3.2

Node version: 
  9.4.0

Platform: 
  linux x64

npm manifest: 
  {
    "name": "cri",
    "version": "1.1.5",
    "description": "Encrypt and decrypt file",
    "author": "Huong Nguyen <shovity@gmail.com>",
    "repository": "https://github.com/shovity/cri",
    "keywords": [
      "encrypt",
      "decrypt",
      "encode",
      "decode",
    ],
    "main": "app.js",
    "license": "MIT",
  
    "bin": {
      "cri": "./bin/cri"
    }
  }

yarn manifest: 
  No manifest

Lockfile: 
  No lockfile

Trace: 
  SyntaxError: /home/shovity/projex/cri/package.json: Unexpected token ] in JSON at position 260
      at JSON.parse (<anonymous>)
      at /usr/lib/node_modules/yarn/lib/cli.js:770:59
      at Generator.next (<anonymous>)
      at step (/usr/lib/node_modules/yarn/lib/cli.js:92:30)
      at /usr/lib/node_modules/yarn/lib/cli.js:103:13
      at <anonymous>
